<?xml version="1.0" encoding="UTF-8"?>
<!-- Generated by org.testng.reporters.JUnitXMLReporter -->
<testsuite ignored="0" hostname="LAPTOP-M61CEB9R" failures="1" tests="1" name="testFile" time="24.192" errors="0" timestamp="2025-09-25T14:47:34 IST">
  <testcase classname="ecommerceproject.testFile" name="ecommerceFlow" time="21.535">
    <failure type="java.lang.NumberFormatException" message="empty String">
      <![CDATA[java.lang.NumberFormatException: empty String
at java.base/jdk.internal.math.FloatingDecimal.readJavaFormatString(FloatingDecimal.java:1842)
at java.base/jdk.internal.math.FloatingDecimal.parseDouble(FloatingDecimal.java:110)
at java.base/java.lang.Double.parseDouble(Double.java:944)
at ecommerceproject.testFile.ecommerceFlow(testFile.java:86)
at java.base/java.util.ArrayList.forEach(ArrayList.java:1597)
... Removed 25 stack frames]]>
    </failure>
  </testcase> <!-- ecommerceFlow -->
</testsuite> <!-- testFile -->
